<?xml version="1.0" encoding="UTF-8"?>
<testng-results skipped="0" failed="0" ignored="0" total="1" passed="1">
  <reporter-output>
  </reporter-output>
  <suite name="Surefire suite" duration-ms="160" started-at="2018-06-16T18:02:43Z" finished-at="2018-06-16T18:02:43Z">
    <groups>
    </groups>
    <test name="Surefire test" duration-ms="160" started-at="2018-06-16T18:02:43Z" finished-at="2018-06-16T18:02:43Z">
      <class name="cafetownsend.AppTest">
        <test-method status="PASS" signature="shouldAnswerWithTrue()" name="shouldAnswerWithTrue" duration-ms="20" started-at="2018-06-16T20:02:43Z" finished-at="2018-06-16T20:02:43Z">
          <reporter-output>
          </reporter-output>
        </test-method> <!-- shouldAnswerWithTrue -->
      </class> <!-- cafetownsend.AppTest -->
    </test> <!-- Surefire test -->
  </suite> <!-- Surefire suite -->
</testng-results>
