<?xml version="1.0" encoding="UTF-8"?>
<!-- Generated by org.testng.reporters.JUnitXMLReporter -->
<testsuite hostname="DESKTOP-BMTHO9F" ignored="0" name="Surefire test" tests="13" failures="0" timestamp="17 Jun 2018 09:41:33 GMT" time="49.152" errors="0">
  <testcase name="invalidLogin" time="1.385" classname="tests.TestExecution"/>
  <testcase name="invalidLogin" time="0.417" classname="tests.TestExecution"/>
  <testcase name="invalidLogin" time="0.493" classname="tests.TestExecution"/>
  <testcase name="invalidLogin" time="0.586" classname="tests.TestExecution"/>
  <testcase name="validLogin" time="0.467" classname="tests.TestExecution"/>
  <testcase name="invalidCreateEmployee" time="7.378" classname="tests.TestExecution"/>
  <testcase name="invalidCreateEmployee" time="6.621" classname="tests.TestExecution"/>
  <testcase name="invalidCreateEmployee" time="6.844" classname="tests.TestExecution"/>
  <testcase name="invalidCreateEmployee" time="6.767" classname="tests.TestExecution"/>
  <testcase name="createEmployee" time="1.725" classname="tests.TestExecution"/>
  <testcase name="updateEmployee" time="2.938" classname="tests.TestExecution"/>
  <testcase name="deleteEmployee" time="1.61" classname="tests.TestExecution"/>
  <testcase name="correctLogout" time="0.244" classname="tests.TestExecution"/>
</testsuite> <!-- Surefire test -->
