<?xml version="1.0" encoding="UTF-8"?>
<testng-results skipped="0" failed="0" ignored="0" total="13" passed="13">
  <reporter-output>
  </reporter-output>
  <suite name="Surefire suite" duration-ms="48121" started-at="2018-06-17T13:49:09Z" finished-at="2018-06-17T13:49:57Z">
    <groups>
    </groups>
    <test name="Surefire test" duration-ms="48121" started-at="2018-06-17T13:49:09Z" finished-at="2018-06-17T13:49:57Z">
      <class name="tests.TestExecution">
        <test-method status="PASS" signature="startBrowser()[pri:0, instance:tests.TestExecution@6fb554cc]" name="startBrowser" is-config="true" duration-ms="10794" started-at="2018-06-17T15:49:09Z" finished-at="2018-06-17T15:49:20Z">
          <reporter-output>
          </reporter-output>
        </test-method> <!-- startBrowser -->
        <test-method status="PASS" signature="invalidLogin(java.lang.String, java.lang.String)[pri:0, instance:tests.TestExecution@6fb554cc]" name="invalidLogin" duration-ms="1560" started-at="2018-06-17T15:49:20Z" data-provider="invalidLogin" finished-at="2018-06-17T15:49:21Z">
          <params>
            <param index="0">
              <value>
                <![CDATA[test]]>
              </value>
            </param>
            <param index="1">
              <value>
                <![CDATA[Skywalker]]>
              </value>
            </param>
          </params>
          <reporter-output>
          </reporter-output>
        </test-method> <!-- invalidLogin -->
        <test-method status="PASS" signature="invalidLogin(java.lang.String, java.lang.String)[pri:0, instance:tests.TestExecution@6fb554cc]" name="invalidLogin" duration-ms="460" started-at="2018-06-17T15:49:21Z" data-provider="invalidLogin" finished-at="2018-06-17T15:49:22Z">
          <params>
            <param index="0">
              <value>
                <![CDATA[Luke]]>
              </value>
            </param>
            <param index="1">
              <value>
                <![CDATA[test]]>
              </value>
            </param>
          </params>
          <reporter-output>
          </reporter-output>
        </test-method> <!-- invalidLogin -->
        <test-method status="PASS" signature="invalidLogin(java.lang.String, java.lang.String)[pri:0, instance:tests.TestExecution@6fb554cc]" name="invalidLogin" duration-ms="661" started-at="2018-06-17T15:49:22Z" data-provider="invalidLogin" finished-at="2018-06-17T15:49:22Z">
          <params>
            <param index="0">
              <value>
                <![CDATA[Luke]]>
              </value>
            </param>
            <param index="1">
              <value>
                <![CDATA[]]>
              </value>
            </param>
          </params>
          <reporter-output>
          </reporter-output>
        </test-method> <!-- invalidLogin -->
        <test-method status="PASS" signature="invalidLogin(java.lang.String, java.lang.String)[pri:0, instance:tests.TestExecution@6fb554cc]" name="invalidLogin" duration-ms="571" started-at="2018-06-17T15:49:22Z" data-provider="invalidLogin" finished-at="2018-06-17T15:49:23Z">
          <params>
            <param index="0">
              <value>
                <![CDATA[]]>
              </value>
            </param>
            <param index="1">
              <value>
                <![CDATA[Skywalker]]>
              </value>
            </param>
          </params>
          <reporter-output>
          </reporter-output>
        </test-method> <!-- invalidLogin -->
        <test-method status="PASS" signature="validLogin()[pri:1, instance:tests.TestExecution@6fb554cc]" name="validLogin" duration-ms="579" started-at="2018-06-17T15:49:23Z" finished-at="2018-06-17T15:49:23Z">
          <reporter-output>
          </reporter-output>
        </test-method> <!-- validLogin -->
        <test-method status="PASS" signature="invalidCreateEmployee(java.lang.String, java.lang.String, java.lang.String, java.lang.String)[pri:2, instance:tests.TestExecution@6fb554cc]" name="invalidCreateEmployee" duration-ms="7552" started-at="2018-06-17T15:49:23Z" data-provider="invalidCreateEmployee" finished-at="2018-06-17T15:49:31Z">
          <params>
            <param index="0">
              <value>
                <![CDATA[Selenium]]>
              </value>
            </param>
            <param index="1">
              <value>
                <![CDATA[]]>
              </value>
            </param>
            <param index="2">
              <value>
                <![CDATA[2018-01-01]]>
              </value>
            </param>
            <param index="3">
              <value>
                <![CDATA[a@b.cam]]>
              </value>
            </param>
          </params>
          <reporter-output>
          </reporter-output>
        </test-method> <!-- invalidCreateEmployee -->
        <test-method status="PASS" signature="invalidCreateEmployee(java.lang.String, java.lang.String, java.lang.String, java.lang.String)[pri:2, instance:tests.TestExecution@6fb554cc]" name="invalidCreateEmployee" duration-ms="6782" started-at="2018-06-17T15:49:31Z" data-provider="invalidCreateEmployee" finished-at="2018-06-17T15:49:38Z">
          <params>
            <param index="0">
              <value>
                <![CDATA[]]>
              </value>
            </param>
            <param index="1">
              <value>
                <![CDATA[Test]]>
              </value>
            </param>
            <param index="2">
              <value>
                <![CDATA[2018-01-01]]>
              </value>
            </param>
            <param index="3">
              <value>
                <![CDATA[a@b.cam]]>
              </value>
            </param>
          </params>
          <reporter-output>
          </reporter-output>
        </test-method> <!-- invalidCreateEmployee -->
        <test-method status="PASS" signature="invalidCreateEmployee(java.lang.String, java.lang.String, java.lang.String, java.lang.String)[pri:2, instance:tests.TestExecution@6fb554cc]" name="invalidCreateEmployee" duration-ms="6558" started-at="2018-06-17T15:49:38Z" data-provider="invalidCreateEmployee" finished-at="2018-06-17T15:49:44Z">
          <params>
            <param index="0">
              <value>
                <![CDATA[Selenium]]>
              </value>
            </param>
            <param index="1">
              <value>
                <![CDATA[Test]]>
              </value>
            </param>
            <param index="2">
              <value>
                <![CDATA[]]>
              </value>
            </param>
            <param index="3">
              <value>
                <![CDATA[a@b.cam]]>
              </value>
            </param>
          </params>
          <reporter-output>
          </reporter-output>
        </test-method> <!-- invalidCreateEmployee -->
        <test-method status="PASS" signature="invalidCreateEmployee(java.lang.String, java.lang.String, java.lang.String, java.lang.String)[pri:2, instance:tests.TestExecution@6fb554cc]" name="invalidCreateEmployee" duration-ms="6394" started-at="2018-06-17T15:49:44Z" data-provider="invalidCreateEmployee" finished-at="2018-06-17T15:49:51Z">
          <params>
            <param index="0">
              <value>
                <![CDATA[Selenium]]>
              </value>
            </param>
            <param index="1">
              <value>
                <![CDATA[Test]]>
              </value>
            </param>
            <param index="2">
              <value>
                <![CDATA[2018-01-01]]>
              </value>
            </param>
            <param index="3">
              <value>
                <![CDATA[ab.cam]]>
              </value>
            </param>
          </params>
          <reporter-output>
          </reporter-output>
        </test-method> <!-- invalidCreateEmployee -->
        <test-method status="PASS" signature="createEmployee()[pri:3, instance:tests.TestExecution@6fb554cc]" name="createEmployee" duration-ms="1572" started-at="2018-06-17T15:49:51Z" finished-at="2018-06-17T15:49:52Z">
          <reporter-output>
          </reporter-output>
        </test-method> <!-- createEmployee -->
        <test-method status="PASS" signature="updateEmployee()[pri:4, instance:tests.TestExecution@6fb554cc]" name="updateEmployee" duration-ms="2765" started-at="2018-06-17T15:49:52Z" finished-at="2018-06-17T15:49:55Z">
          <reporter-output>
          </reporter-output>
        </test-method> <!-- updateEmployee -->
        <test-method status="PASS" signature="deleteEmployee()[pri:5, instance:tests.TestExecution@6fb554cc]" name="deleteEmployee" duration-ms="1589" started-at="2018-06-17T15:49:55Z" finished-at="2018-06-17T15:49:57Z">
          <reporter-output>
          </reporter-output>
        </test-method> <!-- deleteEmployee -->
        <test-method status="PASS" signature="correctLogout()[pri:6, instance:tests.TestExecution@6fb554cc]" name="correctLogout" duration-ms="222" started-at="2018-06-17T15:49:57Z" finished-at="2018-06-17T15:49:57Z">
          <reporter-output>
          </reporter-output>
        </test-method> <!-- correctLogout -->
      </class> <!-- tests.TestExecution -->
    </test> <!-- Surefire test -->
  </suite> <!-- Surefire suite -->
</testng-results>
