<?xml version="1.0" encoding="UTF-8"?>
<testsuite xmlns:xsi="http://www.w3.org/2001/XMLSchema-instance" xsi:noNamespaceSchemaLocation="https://maven.apache.org/surefire/maven-surefire-plugin/xsd/surefire-test-report.xsd" name="tests.TestExecution" time="50.412" tests="13" errors="0" skipped="0" failures="0">
  <properties>
[...]
</properties>
  <testcase name="invalidLogin" classname="tests.TestExecution" time="1.386"/>
  <testcase name="invalidLogin" classname="tests.TestExecution" time="0.415"/>
  <testcase name="invalidLogin" classname="tests.TestExecution" time="0.492"/>
  <testcase name="invalidLogin" classname="tests.TestExecution" time="0.586"/>
  <testcase name="validLogin" classname="tests.TestExecution" time="0.465"/>
  <testcase name="invalidCreateEmployee" classname="tests.TestExecution" time="7.379"/>
  <testcase name="invalidCreateEmployee" classname="tests.TestExecution" time="6.621"/>
  <testcase name="invalidCreateEmployee" classname="tests.TestExecution" time="6.844"/>
  <testcase name="invalidCreateEmployee" classname="tests.TestExecution" time="6.767"/>
  <testcase name="createEmployee" classname="tests.TestExecution" time="1.725"/>
  <testcase name="updateEmployee" classname="tests.TestExecution" time="2.938"/>
  <testcase name="deleteEmployee" classname="tests.TestExecution" time="1.614"/>
  <testcase name="correctLogout" classname="tests.TestExecution" time="0.24"/>
</testsuite>